2023-05-20 15:30:22,489 INFO [restartedMain] c.b.f.ForumApplication [StartupInfoLogger.java:55] Starting ForumApplication using Java 17.0.6 on DESKTOP-LNCR9MT with PID 17672 (D:\Code\forum\target\classes started by BC in D:\Code\forum)
2023-05-20 15:30:22,492 INFO [restartedMain] c.b.f.ForumApplication [SpringApplication.java:631] No active profile set, falling back to 1 default profile: "default"
2023-05-20 15:30:22,513 INFO [restartedMain] o.s.b.d.e.DevToolsPropertyDefaultsPostProcessor [DeferredLog.java:255] Devtools property defaults active! Set 'spring.devtools.add-properties' to 'false' to disable
2023-05-20 15:30:22,513 INFO [restartedMain] o.s.b.d.e.DevToolsPropertyDefaultsPostProcessor [DeferredLog.java:255] For additional web related logging consider setting the 'logging.level.web' property to 'DEBUG'
2023-05-20 15:30:22,993 INFO [restartedMain] o.s.b.w.e.t.TomcatWebServer [TomcatWebServer.java:108] Tomcat initialized with port(s): 8080 (http)
2023-05-20 15:30:22,997 INFO [restartedMain] o.a.c.h.Http11NioProtocol [DirectJDKLog.java:173] Initializing ProtocolHandler ["http-nio-8080"]
2023-05-20 15:30:22,998 INFO [restartedMain] o.a.c.c.StandardService [DirectJDKLog.java:173] Starting service [Tomcat]
2023-05-20 15:30:22,998 INFO [restartedMain] o.a.c.c.StandardEngine [DirectJDKLog.java:173] Starting Servlet engine: [Apache Tomcat/9.0.74]
2023-05-20 15:30:23,028 INFO [restartedMain] o.a.c.c.C.[.[.[/forum] [DirectJDKLog.java:173] Initializing Spring embedded WebApplicationContext
2023-05-20 15:30:23,028 INFO [restartedMain] o.s.b.w.s.c.ServletWebServerApplicationContext [ServletWebServerApplicationContext.java:292] Root WebApplicationContext: initialization completed in 514 ms
2023-05-20 15:30:23,191 INFO [restartedMain] o.a.c.c.StandardService [DirectJDKLog.java:173] Stopping service [Tomcat]
2023-05-20 15:30:23,196 INFO [restartedMain] o.s.b.a.l.ConditionEvaluationReportLoggingListener [ConditionEvaluationReportLoggingListener.java:136] 

Error starting ApplicationContext. To display the conditions report re-run your application with 'debug' enabled.
2023-05-20 15:31:37,801 INFO [restartedMain] c.b.f.ForumApplication [StartupInfoLogger.java:55] Starting ForumApplication using Java 17.0.6 on DESKTOP-LNCR9MT with PID 14416 (D:\Code\forum\target\classes started by BC in D:\Code\forum)
2023-05-20 15:31:37,802 INFO [restartedMain] c.b.f.ForumApplication [SpringApplication.java:631] No active profile set, falling back to 1 default profile: "default"
2023-05-20 15:31:37,821 INFO [restartedMain] o.s.b.d.e.DevToolsPropertyDefaultsPostProcessor [DeferredLog.java:255] Devtools property defaults active! Set 'spring.devtools.add-properties' to 'false' to disable
2023-05-20 15:31:37,822 INFO [restartedMain] o.s.b.d.e.DevToolsPropertyDefaultsPostProcessor [DeferredLog.java:255] For additional web related logging consider setting the 'logging.level.web' property to 'DEBUG'
2023-05-20 15:31:38,209 INFO [restartedMain] o.s.b.w.e.t.TomcatWebServer [TomcatWebServer.java:108] Tomcat initialized with port(s): 8080 (http)
2023-05-20 15:31:38,213 INFO [restartedMain] o.a.c.h.Http11NioProtocol [DirectJDKLog.java:173] Initializing ProtocolHandler ["http-nio-8080"]
2023-05-20 15:31:38,214 INFO [restartedMain] o.a.c.c.StandardService [DirectJDKLog.java:173] Starting service [Tomcat]
2023-05-20 15:31:38,214 INFO [restartedMain] o.a.c.c.StandardEngine [DirectJDKLog.java:173] Starting Servlet engine: [Apache Tomcat/9.0.74]
2023-05-20 15:31:38,242 INFO [restartedMain] o.a.c.c.C.[.[.[/forum] [DirectJDKLog.java:173] Initializing Spring embedded WebApplicationContext
2023-05-20 15:31:38,242 INFO [restartedMain] o.s.b.w.s.c.ServletWebServerApplicationContext [ServletWebServerApplicationContext.java:292] Root WebApplicationContext: initialization completed in 420 ms
2023-05-20 15:31:38,425 INFO [restartedMain] o.s.b.a.w.s.WelcomePageHandlerMapping [WelcomePageHandlerMapping.java:57] Adding welcome page template: index
2023-05-20 15:31:38,501 INFO [restartedMain] o.s.b.d.a.OptionalLiveReloadServer [OptionalLiveReloadServer.java:59] LiveReload server is running on port 35729
2023-05-20 15:31:38,507 INFO [restartedMain] o.a.c.h.Http11NioProtocol [DirectJDKLog.java:173] Starting ProtocolHandler ["http-nio-8080"]
2023-05-20 15:31:38,516 INFO [restartedMain] o.s.b.w.e.t.TomcatWebServer [TomcatWebServer.java:220] Tomcat started on port(s): 8080 (http) with context path '/forum'
2023-05-20 15:31:38,521 INFO [restartedMain] c.b.f.ForumApplication [StartupInfoLogger.java:61] Started ForumApplication in 0.878 seconds (JVM running for 1.115)
2023-05-20 15:32:24,161 INFO [restartedMain] c.b.f.ForumApplication [StartupInfoLogger.java:55] Starting ForumApplication using Java 17.0.6 on DESKTOP-LNCR9MT with PID 22632 (D:\Code\forum\target\classes started by BC in D:\Code\forum)
2023-05-20 15:32:24,162 INFO [restartedMain] c.b.f.ForumApplication [SpringApplication.java:631] No active profile set, falling back to 1 default profile: "default"
2023-05-20 15:32:24,193 INFO [restartedMain] o.s.b.d.e.DevToolsPropertyDefaultsPostProcessor [DeferredLog.java:255] Devtools property defaults active! Set 'spring.devtools.add-properties' to 'false' to disable
2023-05-20 15:32:24,193 INFO [restartedMain] o.s.b.d.e.DevToolsPropertyDefaultsPostProcessor [DeferredLog.java:255] For additional web related logging consider setting the 'logging.level.web' property to 'DEBUG'
2023-05-20 15:32:24,638 INFO [restartedMain] o.s.b.w.e.t.TomcatWebServer [TomcatWebServer.java:108] Tomcat initialized with port(s): 8080 (http)
2023-05-20 15:32:24,642 INFO [restartedMain] o.a.c.h.Http11NioProtocol [DirectJDKLog.java:173] Initializing ProtocolHandler ["http-nio-8080"]
2023-05-20 15:32:24,643 INFO [restartedMain] o.a.c.c.StandardService [DirectJDKLog.java:173] Starting service [Tomcat]
2023-05-20 15:32:24,643 INFO [restartedMain] o.a.c.c.StandardEngine [DirectJDKLog.java:173] Starting Servlet engine: [Apache Tomcat/9.0.74]
2023-05-20 15:32:24,668 INFO [restartedMain] o.a.c.c.C.[.[.[/forum] [DirectJDKLog.java:173] Initializing Spring embedded WebApplicationContext
2023-05-20 15:32:24,668 INFO [restartedMain] o.s.b.w.s.c.ServletWebServerApplicationContext [ServletWebServerApplicationContext.java:292] Root WebApplicationContext: initialization completed in 474 ms
2023-05-20 15:32:24,876 INFO [restartedMain] o.s.b.a.w.s.WelcomePageHandlerMapping [WelcomePageHandlerMapping.java:57] Adding welcome page template: index
2023-05-20 15:32:24,951 INFO [restartedMain] o.s.b.d.a.OptionalLiveReloadServer [OptionalLiveReloadServer.java:59] LiveReload server is running on port 35729
2023-05-20 15:32:24,957 INFO [restartedMain] o.a.c.h.Http11NioProtocol [DirectJDKLog.java:173] Starting ProtocolHandler ["http-nio-8080"]
2023-05-20 15:32:24,965 INFO [restartedMain] o.s.b.w.e.t.TomcatWebServer [TomcatWebServer.java:220] Tomcat started on port(s): 8080 (http) with context path '/forum'
2023-05-20 15:32:24,970 INFO [restartedMain] c.b.f.ForumApplication [StartupInfoLogger.java:61] Started ForumApplication in 1.006 seconds (JVM running for 1.255)
2023-05-20 15:33:01,505 INFO [http-nio-8080-exec-3] o.a.c.c.C.[.[.[/forum] [DirectJDKLog.java:173] Initializing Spring DispatcherServlet 'dispatcherServlet'
2023-05-20 15:33:01,505 INFO [http-nio-8080-exec-3] o.s.w.s.DispatcherServlet [FrameworkServlet.java:525] Initializing Servlet 'dispatcherServlet'
2023-05-20 15:33:01,506 INFO [http-nio-8080-exec-3] o.s.w.s.DispatcherServlet [FrameworkServlet.java:547] Completed initialization in 0 ms
2023-05-20 15:33:01,533 INFO [http-nio-8080-exec-3] c.z.h.HikariDataSource [HikariDataSource.java:110] HikariPool-1 - Starting...
2023-05-20 15:33:01,704 INFO [http-nio-8080-exec-3] c.z.h.HikariDataSource [HikariDataSource.java:123] HikariPool-1 - Start completed.
2023-05-20 15:34:45,038 INFO [SpringApplicationShutdownHook] c.z.h.HikariDataSource [HikariDataSource.java:350] HikariPool-1 - Shutdown initiated...
2023-05-20 15:34:45,041 INFO [SpringApplicationShutdownHook] c.z.h.HikariDataSource [HikariDataSource.java:352] HikariPool-1 - Shutdown completed.
2023-05-20 15:34:46,564 INFO [restartedMain] c.b.f.ForumApplication [StartupInfoLogger.java:55] Starting ForumApplication using Java 17.0.6 on DESKTOP-LNCR9MT with PID 16444 (D:\Code\forum\target\classes started by BC in D:\Code\forum)
2023-05-20 15:34:46,565 INFO [restartedMain] c.b.f.ForumApplication [SpringApplication.java:631] No active profile set, falling back to 1 default profile: "default"
2023-05-20 15:34:46,583 INFO [restartedMain] o.s.b.d.e.DevToolsPropertyDefaultsPostProcessor [DeferredLog.java:255] Devtools property defaults active! Set 'spring.devtools.add-properties' to 'false' to disable
2023-05-20 15:34:46,583 INFO [restartedMain] o.s.b.d.e.DevToolsPropertyDefaultsPostProcessor [DeferredLog.java:255] For additional web related logging consider setting the 'logging.level.web' property to 'DEBUG'
2023-05-20 15:34:46,990 INFO [restartedMain] o.s.b.w.e.t.TomcatWebServer [TomcatWebServer.java:108] Tomcat initialized with port(s): 8080 (http)
2023-05-20 15:34:46,993 INFO [restartedMain] o.a.c.h.Http11NioProtocol [DirectJDKLog.java:173] Initializing ProtocolHandler ["http-nio-8080"]
2023-05-20 15:34:46,994 INFO [restartedMain] o.a.c.c.StandardService [DirectJDKLog.java:173] Starting service [Tomcat]
2023-05-20 15:34:46,994 INFO [restartedMain] o.a.c.c.StandardEngine [DirectJDKLog.java:173] Starting Servlet engine: [Apache Tomcat/9.0.74]
2023-05-20 15:34:47,021 INFO [restartedMain] o.a.c.c.C.[.[.[/forum] [DirectJDKLog.java:173] Initializing Spring embedded WebApplicationContext
2023-05-20 15:34:47,021 INFO [restartedMain] o.s.b.w.s.c.ServletWebServerApplicationContext [ServletWebServerApplicationContext.java:292] Root WebApplicationContext: initialization completed in 437 ms
2023-05-20 15:34:47,206 INFO [restartedMain] o.s.b.a.w.s.WelcomePageHandlerMapping [WelcomePageHandlerMapping.java:57] Adding welcome page template: index
2023-05-20 15:34:47,275 INFO [restartedMain] o.s.b.d.a.OptionalLiveReloadServer [OptionalLiveReloadServer.java:59] LiveReload server is running on port 35729
2023-05-20 15:34:47,282 INFO [restartedMain] o.a.c.h.Http11NioProtocol [DirectJDKLog.java:173] Starting ProtocolHandler ["http-nio-8080"]
2023-05-20 15:34:47,290 INFO [restartedMain] o.s.b.w.e.t.TomcatWebServer [TomcatWebServer.java:220] Tomcat started on port(s): 8080 (http) with context path '/forum'
2023-05-20 15:34:47,295 INFO [restartedMain] c.b.f.ForumApplication [StartupInfoLogger.java:61] Started ForumApplication in 0.893 seconds (JVM running for 1.155)
2023-05-20 15:34:54,605 INFO [http-nio-8080-exec-1] o.a.c.c.C.[.[.[/forum] [DirectJDKLog.java:173] Initializing Spring DispatcherServlet 'dispatcherServlet'
2023-05-20 15:34:54,605 INFO [http-nio-8080-exec-1] o.s.w.s.DispatcherServlet [FrameworkServlet.java:525] Initializing Servlet 'dispatcherServlet'
2023-05-20 15:34:54,606 INFO [http-nio-8080-exec-1] o.s.w.s.DispatcherServlet [FrameworkServlet.java:547] Completed initialization in 1 ms
2023-05-20 15:34:54,632 INFO [http-nio-8080-exec-1] c.z.h.HikariDataSource [HikariDataSource.java:110] HikariPool-1 - Starting...
2023-05-20 15:34:54,745 INFO [http-nio-8080-exec-1] c.z.h.HikariDataSource [HikariDataSource.java:123] HikariPool-1 - Start completed.
2023-05-20 15:41:42,835 INFO [SpringApplicationShutdownHook] c.z.h.HikariDataSource [HikariDataSource.java:350] HikariPool-1 - Shutdown initiated...
2023-05-20 15:41:42,837 INFO [SpringApplicationShutdownHook] c.z.h.HikariDataSource [HikariDataSource.java:352] HikariPool-1 - Shutdown completed.
2023-05-20 15:41:45,097 INFO [restartedMain] c.b.f.ForumApplication [StartupInfoLogger.java:55] Starting ForumApplication using Java 17.0.6 on DESKTOP-LNCR9MT with PID 20856 (D:\Code\forum\target\classes started by BC in D:\Code\forum)
2023-05-20 15:41:45,098 INFO [restartedMain] c.b.f.ForumApplication [SpringApplication.java:631] No active profile set, falling back to 1 default profile: "default"
2023-05-20 15:41:45,116 INFO [restartedMain] o.s.b.d.e.DevToolsPropertyDefaultsPostProcessor [DeferredLog.java:255] Devtools property defaults active! Set 'spring.devtools.add-properties' to 'false' to disable
2023-05-20 15:41:45,116 INFO [restartedMain] o.s.b.d.e.DevToolsPropertyDefaultsPostProcessor [DeferredLog.java:255] For additional web related logging consider setting the 'logging.level.web' property to 'DEBUG'
2023-05-20 15:41:45,524 INFO [restartedMain] o.s.b.w.e.t.TomcatWebServer [TomcatWebServer.java:108] Tomcat initialized with port(s): 8080 (http)
2023-05-20 15:41:45,528 INFO [restartedMain] o.a.c.h.Http11NioProtocol [DirectJDKLog.java:173] Initializing ProtocolHandler ["http-nio-8080"]
2023-05-20 15:41:45,528 INFO [restartedMain] o.a.c.c.StandardService [DirectJDKLog.java:173] Starting service [Tomcat]
2023-05-20 15:41:45,528 INFO [restartedMain] o.a.c.c.StandardEngine [DirectJDKLog.java:173] Starting Servlet engine: [Apache Tomcat/9.0.74]
2023-05-20 15:41:45,557 INFO [restartedMain] o.a.c.c.C.[.[.[/forum] [DirectJDKLog.java:173] Initializing Spring embedded WebApplicationContext
2023-05-20 15:41:45,557 INFO [restartedMain] o.s.b.w.s.c.ServletWebServerApplicationContext [ServletWebServerApplicationContext.java:292] Root WebApplicationContext: initialization completed in 440 ms
2023-05-20 15:41:45,738 INFO [restartedMain] o.s.b.a.w.s.WelcomePageHandlerMapping [WelcomePageHandlerMapping.java:57] Adding welcome page template: index
2023-05-20 15:41:45,807 INFO [restartedMain] o.s.b.d.a.OptionalLiveReloadServer [OptionalLiveReloadServer.java:59] LiveReload server is running on port 35729
2023-05-20 15:41:45,815 INFO [restartedMain] o.a.c.h.Http11NioProtocol [DirectJDKLog.java:173] Starting ProtocolHandler ["http-nio-8080"]
2023-05-20 15:41:45,822 INFO [restartedMain] o.s.b.w.e.t.TomcatWebServer [TomcatWebServer.java:220] Tomcat started on port(s): 8080 (http) with context path '/forum'
2023-05-20 15:41:45,828 INFO [restartedMain] c.b.f.ForumApplication [StartupInfoLogger.java:61] Started ForumApplication in 0.89 seconds (JVM running for 1.129)
2023-05-20 15:41:47,835 INFO [http-nio-8080-exec-1] o.a.c.c.C.[.[.[/forum] [DirectJDKLog.java:173] Initializing Spring DispatcherServlet 'dispatcherServlet'
2023-05-20 15:41:47,835 INFO [http-nio-8080-exec-1] o.s.w.s.DispatcherServlet [FrameworkServlet.java:525] Initializing Servlet 'dispatcherServlet'
2023-05-20 15:41:47,835 INFO [http-nio-8080-exec-1] o.s.w.s.DispatcherServlet [FrameworkServlet.java:547] Completed initialization in 0 ms
2023-05-20 15:42:05,566 INFO [http-nio-8080-exec-6] c.z.h.HikariDataSource [HikariDataSource.java:110] HikariPool-1 - Starting...
2023-05-20 15:42:05,673 INFO [http-nio-8080-exec-6] c.z.h.HikariDataSource [HikariDataSource.java:123] HikariPool-1 - Start completed.
2023-05-20 15:43:35,208 INFO [SpringApplicationShutdownHook] c.z.h.HikariDataSource [HikariDataSource.java:350] HikariPool-1 - Shutdown initiated...
2023-05-20 15:43:35,210 INFO [SpringApplicationShutdownHook] c.z.h.HikariDataSource [HikariDataSource.java:352] HikariPool-1 - Shutdown completed.
2023-05-20 15:43:37,566 INFO [restartedMain] c.b.f.ForumApplication [StartupInfoLogger.java:55] Starting ForumApplication using Java 17.0.6 on DESKTOP-LNCR9MT with PID 23192 (D:\Code\forum\target\classes started by BC in D:\Code\forum)
2023-05-20 15:43:37,567 INFO [restartedMain] c.b.f.ForumApplication [SpringApplication.java:631] No active profile set, falling back to 1 default profile: "default"
2023-05-20 15:43:37,585 INFO [restartedMain] o.s.b.d.e.DevToolsPropertyDefaultsPostProcessor [DeferredLog.java:255] Devtools property defaults active! Set 'spring.devtools.add-properties' to 'false' to disable
2023-05-20 15:43:37,585 INFO [restartedMain] o.s.b.d.e.DevToolsPropertyDefaultsPostProcessor [DeferredLog.java:255] For additional web related logging consider setting the 'logging.level.web' property to 'DEBUG'
2023-05-20 15:43:38,000 INFO [restartedMain] o.s.b.w.e.t.TomcatWebServer [TomcatWebServer.java:108] Tomcat initialized with port(s): 8080 (http)
2023-05-20 15:43:38,004 INFO [restartedMain] o.a.c.h.Http11NioProtocol [DirectJDKLog.java:173] Initializing ProtocolHandler ["http-nio-8080"]
2023-05-20 15:43:38,004 INFO [restartedMain] o.a.c.c.StandardService [DirectJDKLog.java:173] Starting service [Tomcat]
2023-05-20 15:43:38,005 INFO [restartedMain] o.a.c.c.StandardEngine [DirectJDKLog.java:173] Starting Servlet engine: [Apache Tomcat/9.0.74]
2023-05-20 15:43:38,033 INFO [restartedMain] o.a.c.c.C.[.[.[/forum] [DirectJDKLog.java:173] Initializing Spring embedded WebApplicationContext
2023-05-20 15:43:38,034 INFO [restartedMain] o.s.b.w.s.c.ServletWebServerApplicationContext [ServletWebServerApplicationContext.java:292] Root WebApplicationContext: initialization completed in 448 ms
2023-05-20 15:43:38,214 INFO [restartedMain] o.s.b.a.w.s.WelcomePageHandlerMapping [WelcomePageHandlerMapping.java:57] Adding welcome page template: index
2023-05-20 15:43:38,283 INFO [restartedMain] o.s.b.d.a.OptionalLiveReloadServer [OptionalLiveReloadServer.java:59] LiveReload server is running on port 35729
2023-05-20 15:43:38,290 INFO [restartedMain] o.a.c.h.Http11NioProtocol [DirectJDKLog.java:173] Starting ProtocolHandler ["http-nio-8080"]
2023-05-20 15:43:38,298 INFO [restartedMain] o.s.b.w.e.t.TomcatWebServer [TomcatWebServer.java:220] Tomcat started on port(s): 8080 (http) with context path '/forum'
2023-05-20 15:43:38,303 INFO [restartedMain] c.b.f.ForumApplication [StartupInfoLogger.java:61] Started ForumApplication in 0.899 seconds (JVM running for 1.184)
2023-05-20 15:43:43,252 INFO [http-nio-8080-exec-1] o.a.c.c.C.[.[.[/forum] [DirectJDKLog.java:173] Initializing Spring DispatcherServlet 'dispatcherServlet'
2023-05-20 15:43:43,253 INFO [http-nio-8080-exec-1] o.s.w.s.DispatcherServlet [FrameworkServlet.java:525] Initializing Servlet 'dispatcherServlet'
2023-05-20 15:43:43,253 INFO [http-nio-8080-exec-1] o.s.w.s.DispatcherServlet [FrameworkServlet.java:547] Completed initialization in 0 ms
2023-05-20 15:43:43,274 INFO [http-nio-8080-exec-1] c.z.h.HikariDataSource [HikariDataSource.java:110] HikariPool-1 - Starting...
2023-05-20 15:43:43,388 INFO [http-nio-8080-exec-1] c.z.h.HikariDataSource [HikariDataSource.java:123] HikariPool-1 - Start completed.
2023-05-20 15:53:26,916 INFO [SpringApplicationShutdownHook] c.z.h.HikariDataSource [HikariDataSource.java:350] HikariPool-1 - Shutdown initiated...
2023-05-20 15:53:26,918 INFO [SpringApplicationShutdownHook] c.z.h.HikariDataSource [HikariDataSource.java:352] HikariPool-1 - Shutdown completed.
2023-05-20 15:53:29,281 INFO [restartedMain] c.b.f.ForumApplication [StartupInfoLogger.java:55] Starting ForumApplication using Java 17.0.6 on DESKTOP-LNCR9MT with PID 20352 (D:\Code\forum\target\classes started by BC in D:\Code\forum)
2023-05-20 15:53:29,282 INFO [restartedMain] c.b.f.ForumApplication [SpringApplication.java:631] No active profile set, falling back to 1 default profile: "default"
2023-05-20 15:53:29,300 INFO [restartedMain] o.s.b.d.e.DevToolsPropertyDefaultsPostProcessor [DeferredLog.java:255] Devtools property defaults active! Set 'spring.devtools.add-properties' to 'false' to disable
2023-05-20 15:53:29,300 INFO [restartedMain] o.s.b.d.e.DevToolsPropertyDefaultsPostProcessor [DeferredLog.java:255] For additional web related logging consider setting the 'logging.level.web' property to 'DEBUG'
2023-05-20 15:53:29,703 INFO [restartedMain] o.s.b.w.e.t.TomcatWebServer [TomcatWebServer.java:108] Tomcat initialized with port(s): 8080 (http)
2023-05-20 15:53:29,707 INFO [restartedMain] o.a.c.h.Http11NioProtocol [DirectJDKLog.java:173] Initializing ProtocolHandler ["http-nio-8080"]
2023-05-20 15:53:29,707 INFO [restartedMain] o.a.c.c.StandardService [DirectJDKLog.java:173] Starting service [Tomcat]
2023-05-20 15:53:29,707 INFO [restartedMain] o.a.c.c.StandardEngine [DirectJDKLog.java:173] Starting Servlet engine: [Apache Tomcat/9.0.74]
2023-05-20 15:53:29,734 INFO [restartedMain] o.a.c.c.C.[.[.[/forum] [DirectJDKLog.java:173] Initializing Spring embedded WebApplicationContext
2023-05-20 15:53:29,734 INFO [restartedMain] o.s.b.w.s.c.ServletWebServerApplicationContext [ServletWebServerApplicationContext.java:292] Root WebApplicationContext: initialization completed in 434 ms
2023-05-20 15:53:29,920 INFO [restartedMain] o.s.b.a.w.s.WelcomePageHandlerMapping [WelcomePageHandlerMapping.java:57] Adding welcome page template: index
2023-05-20 15:53:29,990 INFO [restartedMain] o.s.b.d.a.OptionalLiveReloadServer [OptionalLiveReloadServer.java:59] LiveReload server is running on port 35729
2023-05-20 15:53:29,997 INFO [restartedMain] o.a.c.h.Http11NioProtocol [DirectJDKLog.java:173] Starting ProtocolHandler ["http-nio-8080"]
2023-05-20 15:53:30,005 INFO [restartedMain] o.s.b.w.e.t.TomcatWebServer [TomcatWebServer.java:220] Tomcat started on port(s): 8080 (http) with context path '/forum'
2023-05-20 15:53:30,010 INFO [restartedMain] c.b.f.ForumApplication [StartupInfoLogger.java:61] Started ForumApplication in 0.883 seconds (JVM running for 1.135)
2023-05-20 15:53:39,175 INFO [http-nio-8080-exec-1] o.a.c.c.C.[.[.[/forum] [DirectJDKLog.java:173] Initializing Spring DispatcherServlet 'dispatcherServlet'
2023-05-20 15:53:39,175 INFO [http-nio-8080-exec-1] o.s.w.s.DispatcherServlet [FrameworkServlet.java:525] Initializing Servlet 'dispatcherServlet'
2023-05-20 15:53:39,175 INFO [http-nio-8080-exec-1] o.s.w.s.DispatcherServlet [FrameworkServlet.java:547] Completed initialization in 0 ms
2023-05-20 15:53:39,197 INFO [http-nio-8080-exec-1] c.z.h.HikariDataSource [HikariDataSource.java:110] HikariPool-1 - Starting...
2023-05-20 15:53:39,311 INFO [http-nio-8080-exec-1] c.z.h.HikariDataSource [HikariDataSource.java:123] HikariPool-1 - Start completed.
2023-05-20 15:54:06,039 INFO [SpringApplicationShutdownHook] c.z.h.HikariDataSource [HikariDataSource.java:350] HikariPool-1 - Shutdown initiated...
2023-05-20 15:54:06,042 INFO [SpringApplicationShutdownHook] c.z.h.HikariDataSource [HikariDataSource.java:352] HikariPool-1 - Shutdown completed.
2023-05-20 15:54:08,234 INFO [restartedMain] c.b.f.ForumApplication [StartupInfoLogger.java:55] Starting ForumApplication using Java 17.0.6 on DESKTOP-LNCR9MT with PID 4412 (D:\Code\forum\target\classes started by BC in D:\Code\forum)
2023-05-20 15:54:08,235 INFO [restartedMain] c.b.f.ForumApplication [SpringApplication.java:631] No active profile set, falling back to 1 default profile: "default"
2023-05-20 15:54:08,256 INFO [restartedMain] o.s.b.d.e.DevToolsPropertyDefaultsPostProcessor [DeferredLog.java:255] Devtools property defaults active! Set 'spring.devtools.add-properties' to 'false' to disable
2023-05-20 15:54:08,256 INFO [restartedMain] o.s.b.d.e.DevToolsPropertyDefaultsPostProcessor [DeferredLog.java:255] For additional web related logging consider setting the 'logging.level.web' property to 'DEBUG'
2023-05-20 15:54:08,666 INFO [restartedMain] o.s.b.w.e.t.TomcatWebServer [TomcatWebServer.java:108] Tomcat initialized with port(s): 8080 (http)
2023-05-20 15:54:08,670 INFO [restartedMain] o.a.c.h.Http11NioProtocol [DirectJDKLog.java:173] Initializing ProtocolHandler ["http-nio-8080"]
2023-05-20 15:54:08,670 INFO [restartedMain] o.a.c.c.StandardService [DirectJDKLog.java:173] Starting service [Tomcat]
2023-05-20 15:54:08,671 INFO [restartedMain] o.a.c.c.StandardEngine [DirectJDKLog.java:173] Starting Servlet engine: [Apache Tomcat/9.0.74]
2023-05-20 15:54:08,699 INFO [restartedMain] o.a.c.c.C.[.[.[/forum] [DirectJDKLog.java:173] Initializing Spring embedded WebApplicationContext
2023-05-20 15:54:08,699 INFO [restartedMain] o.s.b.w.s.c.ServletWebServerApplicationContext [ServletWebServerApplicationContext.java:292] Root WebApplicationContext: initialization completed in 443 ms
2023-05-20 15:54:08,883 INFO [restartedMain] o.s.b.a.w.s.WelcomePageHandlerMapping [WelcomePageHandlerMapping.java:57] Adding welcome page template: index
2023-05-20 15:54:08,952 INFO [restartedMain] o.s.b.d.a.OptionalLiveReloadServer [OptionalLiveReloadServer.java:59] LiveReload server is running on port 35729
2023-05-20 15:54:08,959 INFO [restartedMain] o.a.c.h.Http11NioProtocol [DirectJDKLog.java:173] Starting ProtocolHandler ["http-nio-8080"]
2023-05-20 15:54:08,967 INFO [restartedMain] o.s.b.w.e.t.TomcatWebServer [TomcatWebServer.java:220] Tomcat started on port(s): 8080 (http) with context path '/forum'
2023-05-20 15:54:08,973 INFO [restartedMain] c.b.f.ForumApplication [StartupInfoLogger.java:61] Started ForumApplication in 0.897 seconds (JVM running for 1.133)
2023-05-20 15:54:10,827 INFO [http-nio-8080-exec-2] o.a.c.c.C.[.[.[/forum] [DirectJDKLog.java:173] Initializing Spring DispatcherServlet 'dispatcherServlet'
2023-05-20 15:54:10,827 INFO [http-nio-8080-exec-2] o.s.w.s.DispatcherServlet [FrameworkServlet.java:525] Initializing Servlet 'dispatcherServlet'
2023-05-20 15:54:10,828 INFO [http-nio-8080-exec-2] o.s.w.s.DispatcherServlet [FrameworkServlet.java:547] Completed initialization in 1 ms
2023-05-20 15:54:10,848 INFO [http-nio-8080-exec-2] c.z.h.HikariDataSource [HikariDataSource.java:110] HikariPool-1 - Starting...
2023-05-20 15:54:10,960 INFO [http-nio-8080-exec-2] c.z.h.HikariDataSource [HikariDataSource.java:123] HikariPool-1 - Start completed.
2023-05-20 15:58:50,534 INFO [SpringApplicationShutdownHook] c.z.h.HikariDataSource [HikariDataSource.java:350] HikariPool-1 - Shutdown initiated...
2023-05-20 15:58:50,536 INFO [SpringApplicationShutdownHook] c.z.h.HikariDataSource [HikariDataSource.java:352] HikariPool-1 - Shutdown completed.
2023-05-20 16:20:31,674 INFO [restartedMain] c.b.f.ForumApplication [StartupInfoLogger.java:55] Starting ForumApplication using Java 17.0.6 on DESKTOP-LNCR9MT with PID 17432 (D:\Code\forum\target\classes started by BC in D:\Code\forum)
2023-05-20 16:20:31,675 INFO [restartedMain] c.b.f.ForumApplication [SpringApplication.java:631] No active profile set, falling back to 1 default profile: "default"
2023-05-20 16:20:31,694 INFO [restartedMain] o.s.b.d.e.DevToolsPropertyDefaultsPostProcessor [DeferredLog.java:255] Devtools property defaults active! Set 'spring.devtools.add-properties' to 'false' to disable
2023-05-20 16:20:31,695 INFO [restartedMain] o.s.b.d.e.DevToolsPropertyDefaultsPostProcessor [DeferredLog.java:255] For additional web related logging consider setting the 'logging.level.web' property to 'DEBUG'
2023-05-20 16:20:32,107 INFO [restartedMain] o.s.b.w.e.t.TomcatWebServer [TomcatWebServer.java:108] Tomcat initialized with port(s): 8080 (http)
2023-05-20 16:20:32,112 INFO [restartedMain] o.a.c.h.Http11NioProtocol [DirectJDKLog.java:173] Initializing ProtocolHandler ["http-nio-8080"]
2023-05-20 16:20:32,112 INFO [restartedMain] o.a.c.c.StandardService [DirectJDKLog.java:173] Starting service [Tomcat]
2023-05-20 16:20:32,113 INFO [restartedMain] o.a.c.c.StandardEngine [DirectJDKLog.java:173] Starting Servlet engine: [Apache Tomcat/9.0.74]
2023-05-20 16:20:32,141 INFO [restartedMain] o.a.c.c.C.[.[.[/forum] [DirectJDKLog.java:173] Initializing Spring embedded WebApplicationContext
2023-05-20 16:20:32,141 INFO [restartedMain] o.s.b.w.s.c.ServletWebServerApplicationContext [ServletWebServerApplicationContext.java:292] Root WebApplicationContext: initialization completed in 446 ms
2023-05-20 16:20:32,335 INFO [restartedMain] o.s.b.a.w.s.WelcomePageHandlerMapping [WelcomePageHandlerMapping.java:57] Adding welcome page template: index
2023-05-20 16:20:32,401 INFO [restartedMain] o.s.b.d.a.OptionalLiveReloadServer [OptionalLiveReloadServer.java:59] LiveReload server is running on port 35729
2023-05-20 16:20:32,406 INFO [restartedMain] o.a.c.h.Http11NioProtocol [DirectJDKLog.java:173] Starting ProtocolHandler ["http-nio-8080"]
2023-05-20 16:20:32,415 INFO [restartedMain] o.s.b.w.e.t.TomcatWebServer [TomcatWebServer.java:220] Tomcat started on port(s): 8080 (http) with context path '/forum'
2023-05-20 16:20:32,421 INFO [restartedMain] c.b.f.ForumApplication [StartupInfoLogger.java:61] Started ForumApplication in 0.906 seconds (JVM running for 1.139)
2023-05-20 16:20:44,844 INFO [http-nio-8080-exec-1] o.a.c.c.C.[.[.[/forum] [DirectJDKLog.java:173] Initializing Spring DispatcherServlet 'dispatcherServlet'
2023-05-20 16:20:44,844 INFO [http-nio-8080-exec-1] o.s.w.s.DispatcherServlet [FrameworkServlet.java:525] Initializing Servlet 'dispatcherServlet'
2023-05-20 16:20:44,844 INFO [http-nio-8080-exec-1] o.s.w.s.DispatcherServlet [FrameworkServlet.java:547] Completed initialization in 0 ms
2023-05-20 16:20:44,864 INFO [http-nio-8080-exec-1] c.z.h.HikariDataSource [HikariDataSource.java:110] HikariPool-1 - Starting...
2023-05-20 16:20:44,993 INFO [http-nio-8080-exec-1] c.z.h.HikariDataSource [HikariDataSource.java:123] HikariPool-1 - Start completed.
2023-05-20 16:24:04,559 INFO [SpringApplicationShutdownHook] c.z.h.HikariDataSource [HikariDataSource.java:350] HikariPool-1 - Shutdown initiated...
2023-05-20 16:24:04,561 INFO [SpringApplicationShutdownHook] c.z.h.HikariDataSource [HikariDataSource.java:352] HikariPool-1 - Shutdown completed.
2023-05-20 16:24:06,080 INFO [restartedMain] c.b.f.ForumApplication [StartupInfoLogger.java:55] Starting ForumApplication using Java 17.0.6 on DESKTOP-LNCR9MT with PID 18868 (D:\Code\forum\target\classes started by BC in D:\Code\forum)
2023-05-20 16:24:06,080 INFO [restartedMain] c.b.f.ForumApplication [SpringApplication.java:631] No active profile set, falling back to 1 default profile: "default"
2023-05-20 16:24:06,099 INFO [restartedMain] o.s.b.d.e.DevToolsPropertyDefaultsPostProcessor [DeferredLog.java:255] Devtools property defaults active! Set 'spring.devtools.add-properties' to 'false' to disable
2023-05-20 16:24:06,099 INFO [restartedMain] o.s.b.d.e.DevToolsPropertyDefaultsPostProcessor [DeferredLog.java:255] For additional web related logging consider setting the 'logging.level.web' property to 'DEBUG'
2023-05-20 16:24:06,494 INFO [restartedMain] o.s.b.w.e.t.TomcatWebServer [TomcatWebServer.java:108] Tomcat initialized with port(s): 8080 (http)
2023-05-20 16:24:06,498 INFO [restartedMain] o.a.c.h.Http11NioProtocol [DirectJDKLog.java:173] Initializing ProtocolHandler ["http-nio-8080"]
2023-05-20 16:24:06,499 INFO [restartedMain] o.a.c.c.StandardService [DirectJDKLog.java:173] Starting service [Tomcat]
2023-05-20 16:24:06,499 INFO [restartedMain] o.a.c.c.StandardEngine [DirectJDKLog.java:173] Starting Servlet engine: [Apache Tomcat/9.0.74]
2023-05-20 16:24:06,527 INFO [restartedMain] o.a.c.c.C.[.[.[/forum] [DirectJDKLog.java:173] Initializing Spring embedded WebApplicationContext
2023-05-20 16:24:06,527 INFO [restartedMain] o.s.b.w.s.c.ServletWebServerApplicationContext [ServletWebServerApplicationContext.java:292] Root WebApplicationContext: initialization completed in 428 ms
2023-05-20 16:24:06,723 INFO [restartedMain] o.s.b.a.w.s.WelcomePageHandlerMapping [WelcomePageHandlerMapping.java:57] Adding welcome page template: index
2023-05-20 16:24:06,792 INFO [restartedMain] o.s.b.d.a.OptionalLiveReloadServer [OptionalLiveReloadServer.java:59] LiveReload server is running on port 35729
2023-05-20 16:24:06,799 INFO [restartedMain] o.a.c.h.Http11NioProtocol [DirectJDKLog.java:173] Starting ProtocolHandler ["http-nio-8080"]
2023-05-20 16:24:06,807 INFO [restartedMain] o.s.b.w.e.t.TomcatWebServer [TomcatWebServer.java:220] Tomcat started on port(s): 8080 (http) with context path '/forum'
2023-05-20 16:24:06,812 INFO [restartedMain] c.b.f.ForumApplication [StartupInfoLogger.java:61] Started ForumApplication in 0.909 seconds (JVM running for 1.148)
2023-05-20 16:24:08,110 INFO [http-nio-8080-exec-1] o.a.c.c.C.[.[.[/forum] [DirectJDKLog.java:173] Initializing Spring DispatcherServlet 'dispatcherServlet'
2023-05-20 16:24:08,110 INFO [http-nio-8080-exec-1] o.s.w.s.DispatcherServlet [FrameworkServlet.java:525] Initializing Servlet 'dispatcherServlet'
2023-05-20 16:24:08,110 INFO [http-nio-8080-exec-1] o.s.w.s.DispatcherServlet [FrameworkServlet.java:547] Completed initialization in 0 ms
2023-05-20 16:24:08,128 INFO [http-nio-8080-exec-1] c.z.h.HikariDataSource [HikariDataSource.java:110] HikariPool-1 - Starting...
2023-05-20 16:24:08,249 INFO [http-nio-8080-exec-1] c.z.h.HikariDataSource [HikariDataSource.java:123] HikariPool-1 - Start completed.
2023-05-20 16:32:40,112 INFO [SpringApplicationShutdownHook] c.z.h.HikariDataSource [HikariDataSource.java:350] HikariPool-1 - Shutdown initiated...
2023-05-20 16:32:40,114 INFO [SpringApplicationShutdownHook] c.z.h.HikariDataSource [HikariDataSource.java:352] HikariPool-1 - Shutdown completed.
2023-05-20 16:32:42,814 INFO [restartedMain] c.b.f.ForumApplication [StartupInfoLogger.java:55] Starting ForumApplication using Java 17.0.6 on DESKTOP-LNCR9MT with PID 17564 (D:\Code\forum\target\classes started by BC in D:\Code\forum)
2023-05-20 16:32:42,814 INFO [restartedMain] c.b.f.ForumApplication [SpringApplication.java:631] No active profile set, falling back to 1 default profile: "default"
2023-05-20 16:32:42,834 INFO [restartedMain] o.s.b.d.e.DevToolsPropertyDefaultsPostProcessor [DeferredLog.java:255] Devtools property defaults active! Set 'spring.devtools.add-properties' to 'false' to disable
2023-05-20 16:32:42,834 INFO [restartedMain] o.s.b.d.e.DevToolsPropertyDefaultsPostProcessor [DeferredLog.java:255] For additional web related logging consider setting the 'logging.level.web' property to 'DEBUG'
2023-05-20 16:32:43,238 INFO [restartedMain] o.s.b.w.e.t.TomcatWebServer [TomcatWebServer.java:108] Tomcat initialized with port(s): 8080 (http)
2023-05-20 16:32:43,242 INFO [restartedMain] o.a.c.h.Http11NioProtocol [DirectJDKLog.java:173] Initializing ProtocolHandler ["http-nio-8080"]
2023-05-20 16:32:43,242 INFO [restartedMain] o.a.c.c.StandardService [DirectJDKLog.java:173] Starting service [Tomcat]
2023-05-20 16:32:43,242 INFO [restartedMain] o.a.c.c.StandardEngine [DirectJDKLog.java:173] Starting Servlet engine: [Apache Tomcat/9.0.74]
2023-05-20 16:32:43,271 INFO [restartedMain] o.a.c.c.C.[.[.[/forum] [DirectJDKLog.java:173] Initializing Spring embedded WebApplicationContext
2023-05-20 16:32:43,271 INFO [restartedMain] o.s.b.w.s.c.ServletWebServerApplicationContext [ServletWebServerApplicationContext.java:292] Root WebApplicationContext: initialization completed in 436 ms
2023-05-20 16:32:43,448 INFO [restartedMain] o.s.b.a.w.s.WelcomePageHandlerMapping [WelcomePageHandlerMapping.java:57] Adding welcome page template: index
2023-05-20 16:32:43,514 INFO [restartedMain] o.s.b.d.a.OptionalLiveReloadServer [OptionalLiveReloadServer.java:59] LiveReload server is running on port 35729
2023-05-20 16:32:43,521 INFO [restartedMain] o.a.c.h.Http11NioProtocol [DirectJDKLog.java:173] Starting ProtocolHandler ["http-nio-8080"]
2023-05-20 16:32:43,529 INFO [restartedMain] o.s.b.w.e.t.TomcatWebServer [TomcatWebServer.java:220] Tomcat started on port(s): 8080 (http) with context path '/forum'
2023-05-20 16:32:43,534 INFO [restartedMain] c.b.f.ForumApplication [StartupInfoLogger.java:61] Started ForumApplication in 0.876 seconds (JVM running for 1.111)
2023-05-20 16:32:45,613 INFO [http-nio-8080-exec-2] o.a.c.c.C.[.[.[/forum] [DirectJDKLog.java:173] Initializing Spring DispatcherServlet 'dispatcherServlet'
2023-05-20 16:32:45,614 INFO [http-nio-8080-exec-2] o.s.w.s.DispatcherServlet [FrameworkServlet.java:525] Initializing Servlet 'dispatcherServlet'
2023-05-20 16:32:45,615 INFO [http-nio-8080-exec-2] o.s.w.s.DispatcherServlet [FrameworkServlet.java:547] Completed initialization in 1 ms
2023-05-20 16:32:45,640 INFO [http-nio-8080-exec-2] c.z.h.HikariDataSource [HikariDataSource.java:110] HikariPool-1 - Starting...
2023-05-20 16:32:45,752 INFO [http-nio-8080-exec-2] c.z.h.HikariDataSource [HikariDataSource.java:123] HikariPool-1 - Start completed.
2023-05-20 16:33:02,473 INFO [SpringApplicationShutdownHook] c.z.h.HikariDataSource [HikariDataSource.java:350] HikariPool-1 - Shutdown initiated...
2023-05-20 16:33:02,475 INFO [SpringApplicationShutdownHook] c.z.h.HikariDataSource [HikariDataSource.java:352] HikariPool-1 - Shutdown completed.
2023-05-20 16:33:04,354 INFO [restartedMain] c.b.f.ForumApplication [StartupInfoLogger.java:55] Starting ForumApplication using Java 17.0.6 on DESKTOP-LNCR9MT with PID 18896 (D:\Code\forum\target\classes started by BC in D:\Code\forum)
2023-05-20 16:33:04,355 INFO [restartedMain] c.b.f.ForumApplication [SpringApplication.java:631] No active profile set, falling back to 1 default profile: "default"
2023-05-20 16:33:04,376 INFO [restartedMain] o.s.b.d.e.DevToolsPropertyDefaultsPostProcessor [DeferredLog.java:255] Devtools property defaults active! Set 'spring.devtools.add-properties' to 'false' to disable
2023-05-20 16:33:04,376 INFO [restartedMain] o.s.b.d.e.DevToolsPropertyDefaultsPostProcessor [DeferredLog.java:255] For additional web related logging consider setting the 'logging.level.web' property to 'DEBUG'
2023-05-20 16:33:04,832 INFO [restartedMain] o.s.b.w.e.t.TomcatWebServer [TomcatWebServer.java:108] Tomcat initialized with port(s): 8080 (http)
2023-05-20 16:33:04,836 INFO [restartedMain] o.a.c.h.Http11NioProtocol [DirectJDKLog.java:173] Initializing ProtocolHandler ["http-nio-8080"]
2023-05-20 16:33:04,836 INFO [restartedMain] o.a.c.c.StandardService [DirectJDKLog.java:173] Starting service [Tomcat]
2023-05-20 16:33:04,836 INFO [restartedMain] o.a.c.c.StandardEngine [DirectJDKLog.java:173] Starting Servlet engine: [Apache Tomcat/9.0.74]
2023-05-20 16:33:04,870 INFO [restartedMain] o.a.c.c.C.[.[.[/forum] [DirectJDKLog.java:173] Initializing Spring embedded WebApplicationContext
2023-05-20 16:33:04,870 INFO [restartedMain] o.s.b.w.s.c.ServletWebServerApplicationContext [ServletWebServerApplicationContext.java:292] Root WebApplicationContext: initialization completed in 493 ms
2023-05-20 16:33:05,070 INFO [restartedMain] o.s.b.a.w.s.WelcomePageHandlerMapping [WelcomePageHandlerMapping.java:57] Adding welcome page template: index
2023-05-20 16:33:05,140 INFO [restartedMain] o.s.b.d.a.OptionalLiveReloadServer [OptionalLiveReloadServer.java:59] LiveReload server is running on port 35729
2023-05-20 16:33:05,148 INFO [restartedMain] o.a.c.h.Http11NioProtocol [DirectJDKLog.java:173] Starting ProtocolHandler ["http-nio-8080"]
2023-05-20 16:33:05,157 INFO [restartedMain] o.s.b.w.e.t.TomcatWebServer [TomcatWebServer.java:220] Tomcat started on port(s): 8080 (http) with context path '/forum'
2023-05-20 16:33:05,163 INFO [restartedMain] c.b.f.ForumApplication [StartupInfoLogger.java:61] Started ForumApplication in 0.98 seconds (JVM running for 1.553)
2023-05-20 16:33:08,280 INFO [http-nio-8080-exec-2] o.a.c.c.C.[.[.[/forum] [DirectJDKLog.java:173] Initializing Spring DispatcherServlet 'dispatcherServlet'
2023-05-20 16:33:08,280 INFO [http-nio-8080-exec-2] o.s.w.s.DispatcherServlet [FrameworkServlet.java:525] Initializing Servlet 'dispatcherServlet'
2023-05-20 16:33:08,281 INFO [http-nio-8080-exec-2] o.s.w.s.DispatcherServlet [FrameworkServlet.java:547] Completed initialization in 1 ms
2023-05-20 16:33:08,308 INFO [http-nio-8080-exec-2] c.z.h.HikariDataSource [HikariDataSource.java:110] HikariPool-1 - Starting...
2023-05-20 16:33:08,428 INFO [http-nio-8080-exec-2] c.z.h.HikariDataSource [HikariDataSource.java:123] HikariPool-1 - Start completed.
2023-05-20 16:33:20,297 INFO [SpringApplicationShutdownHook] c.z.h.HikariDataSource [HikariDataSource.java:350] HikariPool-1 - Shutdown initiated...
2023-05-20 16:33:20,300 INFO [SpringApplicationShutdownHook] c.z.h.HikariDataSource [HikariDataSource.java:352] HikariPool-1 - Shutdown completed.
2023-05-20 16:47:12,476 INFO [restartedMain] c.b.f.ForumApplication [StartupInfoLogger.java:55] Starting ForumApplication using Java 17.0.6 on DESKTOP-LNCR9MT with PID 11236 (D:\Code\forum\target\classes started by BC in D:\Code\forum)
2023-05-20 16:47:12,476 INFO [restartedMain] c.b.f.ForumApplication [SpringApplication.java:631] No active profile set, falling back to 1 default profile: "default"
2023-05-20 16:47:12,495 INFO [restartedMain] o.s.b.d.e.DevToolsPropertyDefaultsPostProcessor [DeferredLog.java:255] Devtools property defaults active! Set 'spring.devtools.add-properties' to 'false' to disable
2023-05-20 16:47:12,496 INFO [restartedMain] o.s.b.d.e.DevToolsPropertyDefaultsPostProcessor [DeferredLog.java:255] For additional web related logging consider setting the 'logging.level.web' property to 'DEBUG'
2023-05-20 16:47:12,913 INFO [restartedMain] o.s.b.w.e.t.TomcatWebServer [TomcatWebServer.java:108] Tomcat initialized with port(s): 8080 (http)
2023-05-20 16:47:12,918 INFO [restartedMain] o.a.c.h.Http11NioProtocol [DirectJDKLog.java:173] Initializing ProtocolHandler ["http-nio-8080"]
2023-05-20 16:47:12,918 INFO [restartedMain] o.a.c.c.StandardService [DirectJDKLog.java:173] Starting service [Tomcat]
2023-05-20 16:47:12,918 INFO [restartedMain] o.a.c.c.StandardEngine [DirectJDKLog.java:173] Starting Servlet engine: [Apache Tomcat/9.0.74]
2023-05-20 16:47:12,945 INFO [restartedMain] o.a.c.c.C.[.[.[/forum] [DirectJDKLog.java:173] Initializing Spring embedded WebApplicationContext
2023-05-20 16:47:12,946 INFO [restartedMain] o.s.b.w.s.c.ServletWebServerApplicationContext [ServletWebServerApplicationContext.java:292] Root WebApplicationContext: initialization completed in 450 ms
2023-05-20 16:47:13,143 INFO [restartedMain] o.s.b.a.w.s.WelcomePageHandlerMapping [WelcomePageHandlerMapping.java:57] Adding welcome page template: index
2023-05-20 16:47:13,208 INFO [restartedMain] o.s.b.d.a.OptionalLiveReloadServer [OptionalLiveReloadServer.java:59] LiveReload server is running on port 35729
2023-05-20 16:47:13,215 INFO [restartedMain] o.a.c.h.Http11NioProtocol [DirectJDKLog.java:173] Starting ProtocolHandler ["http-nio-8080"]
2023-05-20 16:47:13,223 INFO [restartedMain] o.s.b.w.e.t.TomcatWebServer [TomcatWebServer.java:220] Tomcat started on port(s): 8080 (http) with context path '/forum'
2023-05-20 16:47:13,229 INFO [restartedMain] c.b.f.ForumApplication [StartupInfoLogger.java:61] Started ForumApplication in 0.919 seconds (JVM running for 1.176)
2023-05-20 16:47:16,282 INFO [http-nio-8080-exec-1] o.a.c.c.C.[.[.[/forum] [DirectJDKLog.java:173] Initializing Spring DispatcherServlet 'dispatcherServlet'
2023-05-20 16:47:16,282 INFO [http-nio-8080-exec-1] o.s.w.s.DispatcherServlet [FrameworkServlet.java:525] Initializing Servlet 'dispatcherServlet'
2023-05-20 16:47:16,282 INFO [http-nio-8080-exec-1] o.s.w.s.DispatcherServlet [FrameworkServlet.java:547] Completed initialization in 0 ms
2023-05-20 16:47:16,307 INFO [http-nio-8080-exec-1] c.z.h.HikariDataSource [HikariDataSource.java:110] HikariPool-1 - Starting...
2023-05-20 16:47:16,427 INFO [http-nio-8080-exec-1] c.z.h.HikariDataSource [HikariDataSource.java:123] HikariPool-1 - Start completed.
2023-05-20 16:48:32,516 INFO [SpringApplicationShutdownHook] c.z.h.HikariDataSource [HikariDataSource.java:350] HikariPool-1 - Shutdown initiated...
2023-05-20 16:48:32,519 INFO [SpringApplicationShutdownHook] c.z.h.HikariDataSource [HikariDataSource.java:352] HikariPool-1 - Shutdown completed.
2023-05-20 17:05:12,005 INFO [restartedMain] c.b.f.ForumApplication [StartupInfoLogger.java:55] Starting ForumApplication using Java 17.0.6 on DESKTOP-LNCR9MT with PID 13256 (D:\Code\forum\target\classes started by BC in D:\Code\forum)
2023-05-20 17:05:12,006 INFO [restartedMain] c.b.f.ForumApplication [SpringApplication.java:631] No active profile set, falling back to 1 default profile: "default"
2023-05-20 17:05:12,025 INFO [restartedMain] o.s.b.d.e.DevToolsPropertyDefaultsPostProcessor [DeferredLog.java:255] Devtools property defaults active! Set 'spring.devtools.add-properties' to 'false' to disable
2023-05-20 17:05:12,025 INFO [restartedMain] o.s.b.d.e.DevToolsPropertyDefaultsPostProcessor [DeferredLog.java:255] For additional web related logging consider setting the 'logging.level.web' property to 'DEBUG'
2023-05-20 17:05:12,428 INFO [restartedMain] o.s.b.w.e.t.TomcatWebServer [TomcatWebServer.java:108] Tomcat initialized with port(s): 8080 (http)
2023-05-20 17:05:12,432 INFO [restartedMain] o.a.c.h.Http11NioProtocol [DirectJDKLog.java:173] Initializing ProtocolHandler ["http-nio-8080"]
2023-05-20 17:05:12,432 INFO [restartedMain] o.a.c.c.StandardService [DirectJDKLog.java:173] Starting service [Tomcat]
2023-05-20 17:05:12,432 INFO [restartedMain] o.a.c.c.StandardEngine [DirectJDKLog.java:173] Starting Servlet engine: [Apache Tomcat/9.0.74]
2023-05-20 17:05:12,459 INFO [restartedMain] o.a.c.c.C.[.[.[/forum] [DirectJDKLog.java:173] Initializing Spring embedded WebApplicationContext
2023-05-20 17:05:12,460 INFO [restartedMain] o.s.b.w.s.c.ServletWebServerApplicationContext [ServletWebServerApplicationContext.java:292] Root WebApplicationContext: initialization completed in 435 ms
2023-05-20 17:05:12,586 INFO [restartedMain] o.a.c.c.StandardService [DirectJDKLog.java:173] Stopping service [Tomcat]
2023-05-20 17:05:12,591 INFO [restartedMain] o.s.b.a.l.ConditionEvaluationReportLoggingListener [ConditionEvaluationReportLoggingListener.java:136] 

Error starting ApplicationContext. To display the conditions report re-run your application with 'debug' enabled.
2023-05-20 17:05:53,486 INFO [restartedMain] c.b.f.ForumApplication [StartupInfoLogger.java:55] Starting ForumApplication using Java 17.0.6 on DESKTOP-LNCR9MT with PID 3592 (D:\Code\forum\target\classes started by BC in D:\Code\forum)
2023-05-20 17:05:53,487 INFO [restartedMain] c.b.f.ForumApplication [SpringApplication.java:631] No active profile set, falling back to 1 default profile: "default"
2023-05-20 17:05:53,506 INFO [restartedMain] o.s.b.d.e.DevToolsPropertyDefaultsPostProcessor [DeferredLog.java:255] Devtools property defaults active! Set 'spring.devtools.add-properties' to 'false' to disable
2023-05-20 17:05:53,506 INFO [restartedMain] o.s.b.d.e.DevToolsPropertyDefaultsPostProcessor [DeferredLog.java:255] For additional web related logging consider setting the 'logging.level.web' property to 'DEBUG'
2023-05-20 17:05:53,913 INFO [restartedMain] o.s.b.w.e.t.TomcatWebServer [TomcatWebServer.java:108] Tomcat initialized with port(s): 8080 (http)
2023-05-20 17:05:53,917 INFO [restartedMain] o.a.c.h.Http11NioProtocol [DirectJDKLog.java:173] Initializing ProtocolHandler ["http-nio-8080"]
2023-05-20 17:05:53,917 INFO [restartedMain] o.a.c.c.StandardService [DirectJDKLog.java:173] Starting service [Tomcat]
2023-05-20 17:05:53,917 INFO [restartedMain] o.a.c.c.StandardEngine [DirectJDKLog.java:173] Starting Servlet engine: [Apache Tomcat/9.0.74]
2023-05-20 17:05:53,945 INFO [restartedMain] o.a.c.c.C.[.[.[/forum] [DirectJDKLog.java:173] Initializing Spring embedded WebApplicationContext
2023-05-20 17:05:53,945 INFO [restartedMain] o.s.b.w.s.c.ServletWebServerApplicationContext [ServletWebServerApplicationContext.java:292] Root WebApplicationContext: initialization completed in 439 ms
2023-05-20 17:05:54,125 INFO [restartedMain] o.s.b.a.w.s.WelcomePageHandlerMapping [WelcomePageHandlerMapping.java:57] Adding welcome page template: index
2023-05-20 17:05:54,191 INFO [restartedMain] o.s.b.d.a.OptionalLiveReloadServer [OptionalLiveReloadServer.java:59] LiveReload server is running on port 35729
2023-05-20 17:05:54,197 INFO [restartedMain] o.a.c.h.Http11NioProtocol [DirectJDKLog.java:173] Starting ProtocolHandler ["http-nio-8080"]
2023-05-20 17:05:54,205 INFO [restartedMain] o.s.b.w.e.t.TomcatWebServer [TomcatWebServer.java:220] Tomcat started on port(s): 8080 (http) with context path '/forum'
2023-05-20 17:05:54,210 INFO [restartedMain] c.b.f.ForumApplication [StartupInfoLogger.java:61] Started ForumApplication in 0.883 seconds (JVM running for 1.122)
2023-05-20 17:05:55,752 INFO [http-nio-8080-exec-1] o.a.c.c.C.[.[.[/forum] [DirectJDKLog.java:173] Initializing Spring DispatcherServlet 'dispatcherServlet'
2023-05-20 17:05:55,753 INFO [http-nio-8080-exec-1] o.s.w.s.DispatcherServlet [FrameworkServlet.java:525] Initializing Servlet 'dispatcherServlet'
2023-05-20 17:05:55,753 INFO [http-nio-8080-exec-1] o.s.w.s.DispatcherServlet [FrameworkServlet.java:547] Completed initialization in 0 ms
2023-05-20 17:05:55,779 INFO [http-nio-8080-exec-1] c.z.h.HikariDataSource [HikariDataSource.java:110] HikariPool-1 - Starting...
2023-05-20 17:05:55,891 INFO [http-nio-8080-exec-1] c.z.h.HikariDataSource [HikariDataSource.java:123] HikariPool-1 - Start completed.
2023-05-20 17:06:36,902 INFO [SpringApplicationShutdownHook] c.z.h.HikariDataSource [HikariDataSource.java:350] HikariPool-1 - Shutdown initiated...
2023-05-20 17:06:36,905 INFO [SpringApplicationShutdownHook] c.z.h.HikariDataSource [HikariDataSource.java:352] HikariPool-1 - Shutdown completed.
